<?xml version="1.0" ?>
<!DOCTYPE coverage SYSTEM "http://cobertura.sourceforge.net/xml/coverage-04.dtd">
<coverage lines-valid="100" lines-covered="85" line-rate="0.85" branches-valid="100" branches-covered="80" branch-rate="0.80" version="1.9" timestamp="1777146757199">
  <sources>
    <source>.</source>
  </sources>
  <packages>
    <package name="src" line-rate="0.85" branch-rate="0.80">
      <classes>
        <class name="shop-core.js" filename="src/shop-core.js" line-rate="0.85" branch-rate="0.80">
          <methods/>
          <lines>
            <line number="1" hits="1"/>
            <line number="5" hits="1"/>
            <line number="15" hits="1"/>
            <line number="28" hits="1"/>
          </lines>
        </class>
      </classes>
    </package>
  </packages>
</coverage>
